Arkane execution initiated at Mon Sep 21 10:54:54 2020

################################################################
#                                                              #
# Automated Reaction Kinetics and Network Exploration (Arkane) #
#                                                              #
#   Version: 3.0.0                                             #
#   Authors: RMG Developers (rmg_dev@mit.edu)                  #
#   P.I.s:   William H. Green (whgreen@mit.edu)                #
#            Richard H. West (r.west@neu.edu)                  #
#   Website: http://reactionmechanismgenerator.github.io/      #
#                                                              #
################################################################

Databases not found. Making databases
Loading frequencies group database from /Users/blais.ch/_01_code/RMG-database/input/statmech/groups...
Loading transport library from GRI-Mech.py in /Users/blais.ch/_01_code/RMG-database/input/transport/libraries...
Loading transport library from OneDMinN2.py in /Users/blais.ch/_01_code/RMG-database/input/transport/libraries...
Loading transport library from NOx2018.py in /Users/blais.ch/_01_code/RMG-database/input/transport/libraries...
Loading transport library from PrimaryTransportLibrary.py in /Users/blais.ch/_01_code/RMG-database/input/transport/libraries...
Loading transport group database from /Users/blais.ch/_01_code/RMG-database/input/transport/groups...
Loading species CH3...
Loading species C2H4...
Loading species C3H7...
Loading transition state TS...
Loading reaction CH3 + C2H4 <=> C3H7...
Assigned a frequency scale factor of 0.961 for LevelOfTheory(method='b3lyp',basis='631g(d,p)')


Loading statistical mechanics parameters for CH3...
Symmetry input file written to /Users/blais.ch/_01_code/MIT_Kinetics_HW/assignments/HW2/HW2_P1/Arkane/b3lyp_631gdp/scratch/0.symm
Point group: D3h
Symmetry input file written to /Users/blais.ch/_01_code/MIT_Kinetics_HW/assignments/HW2/HW2_P1/Arkane/b3lyp_631gdp/scratch/0.symm
Point group: D3h
Saving statistical mechanics parameters for CH3...
Loading statistical mechanics parameters for C2H4...
Symmetry input file written to /Users/blais.ch/_01_code/MIT_Kinetics_HW/assignments/HW2/HW2_P1/Arkane/b3lyp_631gdp/scratch/0.symm
Point group: D2h
Symmetry input file written to /Users/blais.ch/_01_code/MIT_Kinetics_HW/assignments/HW2/HW2_P1/Arkane/b3lyp_631gdp/scratch/0.symm
Point group: D2h
Saving statistical mechanics parameters for C2H4...
Loading statistical mechanics parameters for C3H7...
Symmetry input file written to /Users/blais.ch/_01_code/MIT_Kinetics_HW/assignments/HW2/HW2_P1/Arkane/b3lyp_631gdp/scratch/0.symm
Point group: C1
Symmetry input file written to /Users/blais.ch/_01_code/MIT_Kinetics_HW/assignments/HW2/HW2_P1/Arkane/b3lyp_631gdp/scratch/0.symm
Point group: C1
Saving statistical mechanics parameters for C3H7...
Loading statistical mechanics parameters for TS...
Symmetry input file written to /Users/blais.ch/_01_code/MIT_Kinetics_HW/assignments/HW2/HW2_P1/Arkane/b3lyp_631gdp/scratch/0.symm
Point group: Cs
Symmetry input file written to /Users/blais.ch/_01_code/MIT_Kinetics_HW/assignments/HW2/HW2_P1/Arkane/b3lyp_631gdp/scratch/0.symm
Point group: Cs
Saving statistical mechanics parameters for TS...
Saving thermo for CH3...
Saving thermo for C2H4...
Saving thermo for C3H7...
Saving kinetics for CH3 + C2H4 <=> C3H7...

Arkane execution terminated at Mon Sep 21 10:54:56 2020
Memory used: 315.06 MB
