Arkane execution initiated at Sun Sep 20 12:10:26 2020

################################################################
#                                                              #
# Automated Reaction Kinetics and Network Exploration (Arkane) #
#                                                              #
#   Version: 3.0.0                                             #
#   Authors: RMG Developers (rmg_dev@mit.edu)                  #
#   P.I.s:   William H. Green (whgreen@mit.edu)                #
#            Richard H. West (r.west@neu.edu)                  #
#   Website: http://reactionmechanismgenerator.github.io/      #
#                                                              #
################################################################

Databases not found. Making databases
Loading frequencies group database from /Users/blais.ch/_01_code/RMG-database/input/statmech/groups...
Loading transport library from GRI-Mech.py in /Users/blais.ch/_01_code/RMG-database/input/transport/libraries...
Loading transport library from OneDMinN2.py in /Users/blais.ch/_01_code/RMG-database/input/transport/libraries...
Loading transport library from NOx2018.py in /Users/blais.ch/_01_code/RMG-database/input/transport/libraries...
Loading transport library from PrimaryTransportLibrary.py in /Users/blais.ch/_01_code/RMG-database/input/transport/libraries...
Loading transport group database from /Users/blais.ch/_01_code/RMG-database/input/transport/groups...
Loading species r_no2...
Loading species r_hydroxylamine...
Loading species p_hono...
Loading species p_nitric_oxide...
Loading transition state ts...
Loading reaction r_no2 + r_hydroxylamine <=> p_hono + p_nitric_oxide...
Arkane execution initiated at Sun Sep 20 12:11:22 2020

################################################################
#                                                              #
# Automated Reaction Kinetics and Network Exploration (Arkane) #
#                                                              #
#   Version: 3.0.0                                             #
#   Authors: RMG Developers (rmg_dev@mit.edu)                  #
#   P.I.s:   William H. Green (whgreen@mit.edu)                #
#            Richard H. West (r.west@neu.edu)                  #
#   Website: http://reactionmechanismgenerator.github.io/      #
#                                                              #
################################################################

Databases not found. Making databases
Loading frequencies group database from /Users/blais.ch/_01_code/RMG-database/input/statmech/groups...
Loading transport library from GRI-Mech.py in /Users/blais.ch/_01_code/RMG-database/input/transport/libraries...
Loading transport library from OneDMinN2.py in /Users/blais.ch/_01_code/RMG-database/input/transport/libraries...
Loading transport library from NOx2018.py in /Users/blais.ch/_01_code/RMG-database/input/transport/libraries...
Loading transport library from PrimaryTransportLibrary.py in /Users/blais.ch/_01_code/RMG-database/input/transport/libraries...
Loading transport group database from /Users/blais.ch/_01_code/RMG-database/input/transport/groups...
Loading species r_no2...
Loading species r_hydroxylamine...
Loading species p_hono...
Loading species p_nitric_oxide...
Loading transition state ts...
Loading reaction r_no2 + r_hydroxylamine <=> p_hono + p_nitric_oxide...
Assigned a frequency scale factor of 0.961 for LevelOfTheory(method='b3lyp',basis='631g(d,p)')


Loading statistical mechanics parameters for r_no2...
Symmetry input file written to /Users/blais.ch/_01_code/MIT_Kinetics_HW/assignments/HW2/HW2_P2/arkane/scratch/0.symm
Point group: C2v
Saving statistical mechanics parameters for r_no2...
Loading statistical mechanics parameters for r_hydroxylamine...
Arkane execution initiated at Sun Sep 20 12:12:25 2020

################################################################
#                                                              #
# Automated Reaction Kinetics and Network Exploration (Arkane) #
#                                                              #
#   Version: 3.0.0                                             #
#   Authors: RMG Developers (rmg_dev@mit.edu)                  #
#   P.I.s:   William H. Green (whgreen@mit.edu)                #
#            Richard H. West (r.west@neu.edu)                  #
#   Website: http://reactionmechanismgenerator.github.io/      #
#                                                              #
################################################################

Databases not found. Making databases
Loading frequencies group database from /Users/blais.ch/_01_code/RMG-database/input/statmech/groups...
Loading transport library from GRI-Mech.py in /Users/blais.ch/_01_code/RMG-database/input/transport/libraries...
Loading transport library from OneDMinN2.py in /Users/blais.ch/_01_code/RMG-database/input/transport/libraries...
Loading transport library from NOx2018.py in /Users/blais.ch/_01_code/RMG-database/input/transport/libraries...
Loading transport library from PrimaryTransportLibrary.py in /Users/blais.ch/_01_code/RMG-database/input/transport/libraries...
Loading transport group database from /Users/blais.ch/_01_code/RMG-database/input/transport/groups...
Loading species r_no2...
Loading species r_hydroxylamine...
Loading species p_hono...
Loading species p_nitric_oxide...
Loading transition state ts...
Loading reaction r_no2 + r_hydroxylamine <=> p_hono + p_nitric_oxide...
Assigned a frequency scale factor of 0.961 for LevelOfTheory(method='b3lyp',basis='631g(d,p)')


Loading statistical mechanics parameters for r_no2...
Symmetry input file written to /Users/blais.ch/_01_code/MIT_Kinetics_HW/assignments/HW2/HW2_P2/arkane/scratch/0.symm
Point group: C2v
Saving statistical mechanics parameters for r_no2...
Loading statistical mechanics parameters for r_hydroxylamine...
Symmetry input file written to /Users/blais.ch/_01_code/MIT_Kinetics_HW/assignments/HW2/HW2_P2/arkane/scratch/0.symm
Point group: Cs
Saving statistical mechanics parameters for r_hydroxylamine...
Loading statistical mechanics parameters for p_hono...
Symmetry input file written to /Users/blais.ch/_01_code/MIT_Kinetics_HW/assignments/HW2/HW2_P2/arkane/scratch/0.symm
Point group: Cs
Saving statistical mechanics parameters for p_hono...
Loading statistical mechanics parameters for p_nitric_oxide...
Symmetry input file written to /Users/blais.ch/_01_code/MIT_Kinetics_HW/assignments/HW2/HW2_P2/arkane/scratch/0.symm
Point group: Cs
Saving statistical mechanics parameters for p_nitric_oxide...
Loading statistical mechanics parameters for ts...
Symmetry input file written to /Users/blais.ch/_01_code/MIT_Kinetics_HW/assignments/HW2/HW2_P2/arkane/scratch/0.symm
Point group: Cs
Symmetry input file written to /Users/blais.ch/_01_code/MIT_Kinetics_HW/assignments/HW2/HW2_P2/arkane/scratch/0.symm
Point group: Cs
Saving statistical mechanics parameters for ts...
Saving thermo for r_no2...
Saving thermo for r_hydroxylamine...
Saving thermo for p_hono...
Saving thermo for p_nitric_oxide...
Saving kinetics for r_no2 + r_hydroxylamine <=> p_hono + p_nitric_oxide...
Warning: The energy differences between the stationary points of reaction r_no2 + r_hydroxylamine <=> p_hono + p_nitric_oxide seems too large.
Warning: Got the following energies:
Well 1: -777.3566310714916 kJ/mol
TS: -559.6097329556388 kJ/mol
Well 2: 203.7258825653782 kJ/mol

Arkane execution terminated at Sun Sep 20 12:12:28 2020
Arkane execution initiated at Sun Sep 20 14:38:48 2020

################################################################
#                                                              #
# Automated Reaction Kinetics and Network Exploration (Arkane) #
#                                                              #
#   Version: 3.0.0                                             #
#   Authors: RMG Developers (rmg_dev@mit.edu)                  #
#   P.I.s:   William H. Green (whgreen@mit.edu)                #
#            Richard H. West (r.west@neu.edu)                  #
#   Website: http://reactionmechanismgenerator.github.io/      #
#                                                              #
################################################################

Databases not found. Making databases
Loading frequencies group database from /Users/blais.ch/_01_code/RMG-database/input/statmech/groups...
Loading transport library from GRI-Mech.py in /Users/blais.ch/_01_code/RMG-database/input/transport/libraries...
Loading transport library from OneDMinN2.py in /Users/blais.ch/_01_code/RMG-database/input/transport/libraries...
Loading transport library from NOx2018.py in /Users/blais.ch/_01_code/RMG-database/input/transport/libraries...
Loading transport library from PrimaryTransportLibrary.py in /Users/blais.ch/_01_code/RMG-database/input/transport/libraries...
Loading transport group database from /Users/blais.ch/_01_code/RMG-database/input/transport/groups...
Loading species r_no2...
Loading species r_hydroxylamine...
Loading species p_hono...
Loading species p_nitric_oxide...
Loading transition state ts...
Loading reaction r_no2 + r_hydroxylamine <=> p_hono + p_nitric_oxide...
Assigned a frequency scale factor of 0.961 for LevelOfTheory(method='b3lyp',basis='631g(d,p)')


Loading statistical mechanics parameters for r_no2...
Symmetry input file written to /Users/blais.ch/_01_code/MIT_Kinetics_HW/assignments/HW2/HW2_P2/arkane/scratch/0.symm
Point group: C2v
Saving statistical mechanics parameters for r_no2...
Loading statistical mechanics parameters for r_hydroxylamine...
Symmetry input file written to /Users/blais.ch/_01_code/MIT_Kinetics_HW/assignments/HW2/HW2_P2/arkane/scratch/0.symm
Point group: Cs
Saving statistical mechanics parameters for r_hydroxylamine...
Loading statistical mechanics parameters for p_hono...
Symmetry input file written to /Users/blais.ch/_01_code/MIT_Kinetics_HW/assignments/HW2/HW2_P2/arkane/scratch/0.symm
Point group: Cs
Saving statistical mechanics parameters for p_hono...
Loading statistical mechanics parameters for p_nitric_oxide...
Symmetry input file written to /Users/blais.ch/_01_code/MIT_Kinetics_HW/assignments/HW2/HW2_P2/arkane/scratch/0.symm
Point group: Cs
Saving statistical mechanics parameters for p_nitric_oxide...
Loading statistical mechanics parameters for ts...
Symmetry input file written to /Users/blais.ch/_01_code/MIT_Kinetics_HW/assignments/HW2/HW2_P2/arkane/scratch/0.symm
Point group: Cs
Symmetry input file written to /Users/blais.ch/_01_code/MIT_Kinetics_HW/assignments/HW2/HW2_P2/arkane/scratch/0.symm
Point group: Cs
Saving statistical mechanics parameters for ts...
Saving thermo for r_no2...
Saving thermo for r_hydroxylamine...
Saving thermo for p_hono...
Saving thermo for p_nitric_oxide...
Saving kinetics for r_no2 + r_hydroxylamine <=> p_hono + p_nitric_oxide...
Warning: The energy differences between the stationary points of reaction r_no2 + r_hydroxylamine <=> p_hono + p_nitric_oxide seems too large.
Warning: Got the following energies:
Well 1: -648.7855152268093 kJ/mol
TS: -658.0041517715321 kJ/mol
Well 2: 203.7258825653782 kJ/mol

Arkane execution terminated at Sun Sep 20 14:38:51 2020
Arkane execution initiated at Sun Sep 20 14:43:03 2020

################################################################
#                                                              #
# Automated Reaction Kinetics and Network Exploration (Arkane) #
#                                                              #
#   Version: 3.0.0                                             #
#   Authors: RMG Developers (rmg_dev@mit.edu)                  #
#   P.I.s:   William H. Green (whgreen@mit.edu)                #
#            Richard H. West (r.west@neu.edu)                  #
#   Website: http://reactionmechanismgenerator.github.io/      #
#                                                              #
################################################################

Databases not found. Making databases
Loading frequencies group database from /Users/blais.ch/_01_code/RMG-database/input/statmech/groups...
Loading transport library from GRI-Mech.py in /Users/blais.ch/_01_code/RMG-database/input/transport/libraries...
Loading transport library from OneDMinN2.py in /Users/blais.ch/_01_code/RMG-database/input/transport/libraries...
Loading transport library from NOx2018.py in /Users/blais.ch/_01_code/RMG-database/input/transport/libraries...
Loading transport library from PrimaryTransportLibrary.py in /Users/blais.ch/_01_code/RMG-database/input/transport/libraries...
Loading transport group database from /Users/blais.ch/_01_code/RMG-database/input/transport/groups...
Loading species r_no2...
Loading species r_hydroxylamine...
Loading species p_hono...
Loading species p_nitric_oxide...
Loading transition state ts...
Loading reaction r_no2 + r_hydroxylamine <=> p_hono + p_nitric_oxide...
Assigned a frequency scale factor of 0.961 for LevelOfTheory(method='b3lyp',basis='631g(d,p)')


Loading statistical mechanics parameters for r_no2...
Symmetry input file written to /Users/blais.ch/_01_code/MIT_Kinetics_HW/assignments/HW2/HW2_P2/arkane/scratch/0.symm
Point group: C2v
Saving statistical mechanics parameters for r_no2...
Loading statistical mechanics parameters for r_hydroxylamine...
Symmetry input file written to /Users/blais.ch/_01_code/MIT_Kinetics_HW/assignments/HW2/HW2_P2/arkane/scratch/0.symm
Point group: Cs
Saving statistical mechanics parameters for r_hydroxylamine...
Loading statistical mechanics parameters for p_hono...
Symmetry input file written to /Users/blais.ch/_01_code/MIT_Kinetics_HW/assignments/HW2/HW2_P2/arkane/scratch/0.symm
Point group: Cs
Saving statistical mechanics parameters for p_hono...
Loading statistical mechanics parameters for p_nitric_oxide...
Symmetry input file written to /Users/blais.ch/_01_code/MIT_Kinetics_HW/assignments/HW2/HW2_P2/arkane/scratch/0.symm
Point group: Cs
Saving statistical mechanics parameters for p_nitric_oxide...
Loading statistical mechanics parameters for ts...
Symmetry input file written to /Users/blais.ch/_01_code/MIT_Kinetics_HW/assignments/HW2/HW2_P2/arkane/scratch/0.symm
Point group: Cs
Symmetry input file written to /Users/blais.ch/_01_code/MIT_Kinetics_HW/assignments/HW2/HW2_P2/arkane/scratch/0.symm
Point group: Cs
Saving statistical mechanics parameters for ts...
Saving thermo for r_no2...
Saving thermo for r_hydroxylamine...
Saving thermo for p_hono...
Saving thermo for p_nitric_oxide...
Saving kinetics for r_no2 + r_hydroxylamine <=> p_hono + p_nitric_oxide...
Warning: The energy differences between the stationary points of reaction r_no2 + r_hydroxylamine <=> p_hono + p_nitric_oxide seems too large.
Warning: Got the following energies:
Well 1: -648.7855152268093 kJ/mol
TS: -658.0041517715321 kJ/mol
Well 2: 203.7258825653782 kJ/mol

Arkane execution terminated at Sun Sep 20 14:43:06 2020
Arkane execution initiated at Sun Sep 20 14:46:01 2020

################################################################
#                                                              #
# Automated Reaction Kinetics and Network Exploration (Arkane) #
#                                                              #
#   Version: 3.0.0                                             #
#   Authors: RMG Developers (rmg_dev@mit.edu)                  #
#   P.I.s:   William H. Green (whgreen@mit.edu)                #
#            Richard H. West (r.west@neu.edu)                  #
#   Website: http://reactionmechanismgenerator.github.io/      #
#                                                              #
################################################################

Databases not found. Making databases
Loading frequencies group database from /Users/blais.ch/_01_code/RMG-database/input/statmech/groups...
Loading transport library from GRI-Mech.py in /Users/blais.ch/_01_code/RMG-database/input/transport/libraries...
Loading transport library from OneDMinN2.py in /Users/blais.ch/_01_code/RMG-database/input/transport/libraries...
Loading transport library from NOx2018.py in /Users/blais.ch/_01_code/RMG-database/input/transport/libraries...
Loading transport library from PrimaryTransportLibrary.py in /Users/blais.ch/_01_code/RMG-database/input/transport/libraries...
Loading transport group database from /Users/blais.ch/_01_code/RMG-database/input/transport/groups...
Loading species r_no2...
Loading species r_hydroxylamine...
Loading species p_hono...
Loading species p_nitric_oxide...
Loading transition state ts...
Loading reaction r_no2 + r_hydroxylamine <=> p_hono + p_nitric_oxide...
Assigned a frequency scale factor of 0.961 for LevelOfTheory(method='b3lyp',basis='631g(d,p)')


Loading statistical mechanics parameters for r_no2...
Symmetry input file written to /Users/blais.ch/_01_code/MIT_Kinetics_HW/assignments/HW2/HW2_P2/arkane/scratch/0.symm
Point group: C2v
Saving statistical mechanics parameters for r_no2...
Loading statistical mechanics parameters for r_hydroxylamine...
Symmetry input file written to /Users/blais.ch/_01_code/MIT_Kinetics_HW/assignments/HW2/HW2_P2/arkane/scratch/0.symm
Point group: Cs
Saving statistical mechanics parameters for r_hydroxylamine...
Loading statistical mechanics parameters for p_hono...
Symmetry input file written to /Users/blais.ch/_01_code/MIT_Kinetics_HW/assignments/HW2/HW2_P2/arkane/scratch/0.symm
Point group: Cs
Saving statistical mechanics parameters for p_hono...
Loading statistical mechanics parameters for p_nitric_oxide...
Symmetry input file written to /Users/blais.ch/_01_code/MIT_Kinetics_HW/assignments/HW2/HW2_P2/arkane/scratch/0.symm
Point group: Cs
Saving statistical mechanics parameters for p_nitric_oxide...
Loading statistical mechanics parameters for ts...
Symmetry input file written to /Users/blais.ch/_01_code/MIT_Kinetics_HW/assignments/HW2/HW2_P2/arkane/scratch/0.symm
Point group: Cs
Symmetry input file written to /Users/blais.ch/_01_code/MIT_Kinetics_HW/assignments/HW2/HW2_P2/arkane/scratch/0.symm
Point group: Cs
Saving statistical mechanics parameters for ts...
Saving thermo for r_no2...
Saving thermo for r_hydroxylamine...
Saving thermo for p_hono...
Saving thermo for p_nitric_oxide...
Saving kinetics for r_no2 + r_hydroxylamine <=> p_hono + p_nitric_oxide...
Warning: The energy differences between the stationary points of reaction r_no2 + r_hydroxylamine <=> p_hono + p_nitric_oxide seems too large.
Warning: Got the following energies:
Well 1: -648.7855152268093 kJ/mol
TS: -658.0041517715321 kJ/mol
Well 2: 203.7258825653782 kJ/mol

Arkane execution terminated at Sun Sep 20 14:46:04 2020
Memory used: 310.81 MB
Arkane execution initiated at Sun Sep 20 17:24:57 2020

################################################################
#                                                              #
# Automated Reaction Kinetics and Network Exploration (Arkane) #
#                                                              #
#   Version: 3.0.0                                             #
#   Authors: RMG Developers (rmg_dev@mit.edu)                  #
#   P.I.s:   William H. Green (whgreen@mit.edu)                #
#            Richard H. West (r.west@neu.edu)                  #
#   Website: http://reactionmechanismgenerator.github.io/      #
#                                                              #
################################################################

Databases not found. Making databases
Loading frequencies group database from /Users/blais.ch/_01_code/RMG-database/input/statmech/groups...
Loading transport library from GRI-Mech.py in /Users/blais.ch/_01_code/RMG-database/input/transport/libraries...
Loading transport library from OneDMinN2.py in /Users/blais.ch/_01_code/RMG-database/input/transport/libraries...
Loading transport library from NOx2018.py in /Users/blais.ch/_01_code/RMG-database/input/transport/libraries...
Loading transport library from PrimaryTransportLibrary.py in /Users/blais.ch/_01_code/RMG-database/input/transport/libraries...
Loading transport group database from /Users/blais.ch/_01_code/RMG-database/input/transport/groups...
Loading species r_no2...
Loading species r_hydroxylamine...
Loading species p_hono...
Loading species p_nitric_oxide...
Loading transition state ts...
Loading reaction r_no2 + r_hydroxylamine <=> p_hono + p_nitric_oxide...
Assigned a frequency scale factor of 0.961 for LevelOfTheory(method='b3lyp',basis='631g(d,p)')


Loading statistical mechanics parameters for r_no2...
Symmetry input file written to /Users/blais.ch/_01_code/MIT_Kinetics_HW/assignments/HW2/HW2_P2/arkane/scratch/0.symm
Point group: C2v
Saving statistical mechanics parameters for r_no2...
Loading statistical mechanics parameters for r_hydroxylamine...
Symmetry input file written to /Users/blais.ch/_01_code/MIT_Kinetics_HW/assignments/HW2/HW2_P2/arkane/scratch/0.symm
Point group: Cs
Saving statistical mechanics parameters for r_hydroxylamine...
Loading statistical mechanics parameters for p_hono...
Symmetry input file written to /Users/blais.ch/_01_code/MIT_Kinetics_HW/assignments/HW2/HW2_P2/arkane/scratch/0.symm
Point group: Cs
Saving statistical mechanics parameters for p_hono...
Loading statistical mechanics parameters for p_nitric_oxide...
Symmetry input file written to /Users/blais.ch/_01_code/MIT_Kinetics_HW/assignments/HW2/HW2_P2/arkane/scratch/0.symm
Point group: Cs
Saving statistical mechanics parameters for p_nitric_oxide...
Loading statistical mechanics parameters for ts...
Arkane execution initiated at Sun Sep 20 17:39:12 2020

################################################################
#                                                              #
# Automated Reaction Kinetics and Network Exploration (Arkane) #
#                                                              #
#   Version: 3.0.0                                             #
#   Authors: RMG Developers (rmg_dev@mit.edu)                  #
#   P.I.s:   William H. Green (whgreen@mit.edu)                #
#            Richard H. West (r.west@neu.edu)                  #
#   Website: http://reactionmechanismgenerator.github.io/      #
#                                                              #
################################################################

Databases not found. Making databases
Loading frequencies group database from /Users/blais.ch/_01_code/RMG-database/input/statmech/groups...
Loading transport library from GRI-Mech.py in /Users/blais.ch/_01_code/RMG-database/input/transport/libraries...
Loading transport library from OneDMinN2.py in /Users/blais.ch/_01_code/RMG-database/input/transport/libraries...
Loading transport library from NOx2018.py in /Users/blais.ch/_01_code/RMG-database/input/transport/libraries...
Loading transport library from PrimaryTransportLibrary.py in /Users/blais.ch/_01_code/RMG-database/input/transport/libraries...
Loading transport group database from /Users/blais.ch/_01_code/RMG-database/input/transport/groups...
Loading species r_no2...
Loading species r_hydroxylamine...
Loading species p_hono...
Loading species p_nitric_oxide...
Loading transition state ts...
Loading reaction r_no2 + r_hydroxylamine <=> p_hono + p_nitric_oxide...
Assigned a frequency scale factor of 0.961 for LevelOfTheory(method='b3lyp',basis='631g(d,p)')


Loading statistical mechanics parameters for r_no2...
Symmetry input file written to /Users/blais.ch/_01_code/MIT_Kinetics_HW/assignments/HW2/HW2_P2/arkane/scratch/0.symm
Point group: C2v
Saving statistical mechanics parameters for r_no2...
Loading statistical mechanics parameters for r_hydroxylamine...
Symmetry input file written to /Users/blais.ch/_01_code/MIT_Kinetics_HW/assignments/HW2/HW2_P2/arkane/scratch/0.symm
Point group: Cs
Saving statistical mechanics parameters for r_hydroxylamine...
Loading statistical mechanics parameters for p_hono...
Symmetry input file written to /Users/blais.ch/_01_code/MIT_Kinetics_HW/assignments/HW2/HW2_P2/arkane/scratch/0.symm
Point group: Cs
Saving statistical mechanics parameters for p_hono...
Loading statistical mechanics parameters for p_nitric_oxide...
Symmetry input file written to /Users/blais.ch/_01_code/MIT_Kinetics_HW/assignments/HW2/HW2_P2/arkane/scratch/0.symm
Point group: Cs
Saving statistical mechanics parameters for p_nitric_oxide...
Loading statistical mechanics parameters for ts...
Symmetry input file written to /Users/blais.ch/_01_code/MIT_Kinetics_HW/assignments/HW2/HW2_P2/arkane/scratch/0.symm
Point group: C1
Symmetry input file written to /Users/blais.ch/_01_code/MIT_Kinetics_HW/assignments/HW2/HW2_P2/arkane/scratch/0.symm
Point group: C1
Saving statistical mechanics parameters for ts...
Saving thermo for r_no2...
Saving thermo for r_hydroxylamine...
Saving thermo for p_hono...
Saving thermo for p_nitric_oxide...
Saving kinetics for r_no2 + r_hydroxylamine <=> p_hono + p_nitric_oxide...

Arkane execution terminated at Sun Sep 20 17:39:15 2020
Memory used: 295.04 MB
